
Showing logs for build [32mcb-kubecd-environment-pr-209-5-jqkkz-1[0m stage [32mfrom-build-pack[0m and container [32mstep-credential-initializer-26t9d[0m
{"level":"info","ts":1587748693.0391567,"logger":"fallback-logger","caller":"logging/config.go:69","msg":"Fetch GitHub commit ID from kodata failed: open /var/run/ko/refs/heads/0.8.0-ns-support: no such file or directory"}
{"level":"info","ts":1587748693.0400922,"logger":"fallback-logger","caller":"creds-init/main.go:40","msg":"Credentials initialized."}

Showing logs for build [32mcb-kubecd-environment-pr-209-5-jqkkz-1[0m stage [32mfrom-build-pack[0m and container [32mstep-working-dir-initializer-89nlb[0m
{"level":"info","ts":1587748693.563321,"logger":"fallback-logger","caller":"logging/config.go:69","msg":"Fetch GitHub commit ID from kodata failed: open /var/run/ko/HEAD: no such file or directory"}
{"level":"info","ts":1587748693.5673697,"logger":"fallback-logger","caller":"bash/main.go:64","msg":"Successfully executed command \"sh -c mkdir -p /workspace/source\"; output "}

Showing logs for build [32mcb-kubecd-environment-pr-209-5-jqkkz-1[0m stage [32mfrom-build-pack[0m and container [32mstep-place-tools[0m

Showing logs for build [32mcb-kubecd-environment-pr-209-5-jqkkz-1[0m stage [32mfrom-build-pack[0m and container [32mstep-git-source-cb-kubecd-environment-pr-209-5-jqkkz-mp76v[0m
{"level":"info","ts":1587748698.7531095,"logger":"fallback-logger","caller":"logging/config.go:69","msg":"Fetch GitHub commit ID from kodata failed: open /var/run/ko/refs/heads/0.8.0-ns-support: no such file or directory"}
{"level":"info","ts":1587748699.8570883,"logger":"fallback-logger","caller":"git/git.go:103","msg":"Successfully cloned https://github.com/cb-kubecd/environment-pr-209-5-boot-gke-staging.git @ master in path /workspace/source"}

Showing logs for build [32mcb-kubecd-environment-pr-209-5-jqkkz-1[0m stage [32mfrom-build-pack[0m and container [32mstep-git-merge[0m
Using SHAs from PULL_REFS=master:4c95603fb9165433be16e8ff66cd0f014f4fd597,4:0bf875ad662441a741e3a13798a1883220bf5abe
DEBUG: LC_ALL=C JX_LOG_LEVEL=error git fetch origin --unshallow 0bf875ad662441a741e3a13798a1883220bf5abe: 4c95603fb9165433be16e8ff66cd0f014f4fd597:
DEBUG: ran git fetch --unshallow origin 0bf875ad662441a741e3a13798a1883220bf5abe: 4c95603fb9165433be16e8ff66cd0f014f4fd597: in 
DEBUG: LC_ALL=C JX_LOG_LEVEL=error git branch
DEBUG: LC_ALL=C JX_LOG_LEVEL=error git checkout master
DEBUG: ran git checkout master in 
DEBUG: LC_ALL=C JX_LOG_LEVEL=error git reset --hard 4c95603fb9165433be16e8ff66cd0f014f4fd597
DEBUG: ran git reset --hard 4c95603fb9165433be16e8ff66cd0f014f4fd597 in 
DEBUG: LC_ALL=C JX_LOG_LEVEL=error git clean -fd .
DEBUG: ran clean --force -d . in 
DEBUG: JX_LOG_LEVEL=error LC_ALL=C git merge 0bf875ad662441a741e3a13798a1883220bf5abe
DEBUG: ran git merge 0bf875ad662441a741e3a13798a1883220bf5abe in 
DEBUG: JX_LOG_LEVEL=error LC_ALL=C git log --format=%H%x1f%an%x1f%ae%x1f%cn%x1f%ce%x1f%s%n%b%x1e 4c95603fb9165433be16e8ff66cd0f014f4fd597..HEAD
Merged SHA 0bf875ad662441a741e3a13798a1883220bf5abe with commit message 'chore: Promote bdd-sbhg-1587747070 to version 0.0.1' into base branch master

Showing logs for build [32mcb-kubecd-environment-pr-209-5-jqkkz-1[0m stage [32mfrom-build-pack[0m and container [32mstep-build-helm-build[0m
WARNING: No $CHART_REPOSITORY defined so using the default value of: http://jenkins-x-chartmuseum:8080
Adding missing Helm repo: storage.googleapis.com https://storage.googleapis.com/chartmuseum.jenkins-x.io
WARNING: No secrets found on "helm/repos" due: reading the secret "helm/repos" from vault: no secret "helm/repos" not found in vault
Read credentials for https://storage.googleapis.com/chartmuseum.jenkins-x.io from vault helm/repos
Successfully added Helm repository storage.googleapis.com.
Adding missing Helm repo: jenkins-x-chartmuseum http://jenkins-x-chartmuseum:8080
WARNING: No secrets found on "helm/repos" due: reading the secret "helm/repos" from vault: no secret "helm/repos" not found in vault
Read credentials for http://jenkins-x-chartmuseum:8080 from vault helm/repos
Successfully added Helm repository jenkins-x-chartmuseum.
WARNING: No $CHART_REPOSITORY defined so using the default value of: http://jenkins-x-chartmuseum:8080
Adding missing Helm repo: chartmuseum.jenkins-x.io http://chartmuseum.jenkins-x.io
WARNING: No secrets found on "helm/repos" due: reading the secret "helm/repos" from vault: no secret "helm/repos" not found in vault
Read credentials for http://chartmuseum.jenkins-x.io from vault helm/repos
Successfully added Helm repository chartmuseum.jenkins-x.io.
