
Showing logs for build [32mcb-kubecd-environment-pr-209-5-pv44x-1[0m stage [32mfrom-build-pack[0m and container [32mstep-credential-initializer-6lst2[0m
{"level":"info","ts":1587750673.9176166,"logger":"fallback-logger","caller":"logging/config.go:69","msg":"Fetch GitHub commit ID from kodata failed: open /var/run/ko/refs/heads/0.8.0-ns-support: no such file or directory"}
{"level":"info","ts":1587750673.920713,"logger":"fallback-logger","caller":"creds-init/main.go:40","msg":"Credentials initialized."}

Showing logs for build [32mcb-kubecd-environment-pr-209-5-pv44x-1[0m stage [32mfrom-build-pack[0m and container [32mstep-working-dir-initializer-r96hl[0m
{"level":"info","ts":1587750674.9069362,"logger":"fallback-logger","caller":"logging/config.go:69","msg":"Fetch GitHub commit ID from kodata failed: open /var/run/ko/HEAD: no such file or directory"}
{"level":"info","ts":1587750674.909097,"logger":"fallback-logger","caller":"bash/main.go:64","msg":"Successfully executed command \"sh -c mkdir -p /workspace/source\"; output "}

Showing logs for build [32mcb-kubecd-environment-pr-209-5-pv44x-1[0m stage [32mfrom-build-pack[0m and container [32mstep-place-tools[0m

Showing logs for build [32mcb-kubecd-environment-pr-209-5-pv44x-1[0m stage [32mfrom-build-pack[0m and container [32mstep-git-source-cb-kubecd-environment-pr-209-5-pv44x-6tnt9[0m
{"level":"info","ts":1587750680.5246549,"logger":"fallback-logger","caller":"logging/config.go:69","msg":"Fetch GitHub commit ID from kodata failed: open /var/run/ko/refs/heads/0.8.0-ns-support: no such file or directory"}
{"level":"info","ts":1587750681.6844254,"logger":"fallback-logger","caller":"git/git.go:103","msg":"Successfully cloned https://github.com/cb-kubecd/environment-pr-209-5-boot-gke-staging.git @ master in path /workspace/source"}

Showing logs for build [32mcb-kubecd-environment-pr-209-5-pv44x-1[0m stage [32mfrom-build-pack[0m and container [32mstep-git-merge[0m
Using SHAs from PULL_REFS=master:f5dbaedf4246180bbd3b7cc74866e2d512f0f88b,7:27b172132b0d06ec59e112881c0a1724385bd255
DEBUG: LC_ALL=C JX_LOG_LEVEL=error git fetch origin --unshallow 27b172132b0d06ec59e112881c0a1724385bd255: f5dbaedf4246180bbd3b7cc74866e2d512f0f88b:
DEBUG: ran git fetch --unshallow origin 27b172132b0d06ec59e112881c0a1724385bd255: f5dbaedf4246180bbd3b7cc74866e2d512f0f88b: in 
DEBUG: LC_ALL=C JX_LOG_LEVEL=error git branch
DEBUG: LC_ALL=C JX_LOG_LEVEL=error git checkout master
DEBUG: ran git checkout master in 
DEBUG: LC_ALL=C JX_LOG_LEVEL=error git reset --hard f5dbaedf4246180bbd3b7cc74866e2d512f0f88b
DEBUG: ran git reset --hard f5dbaedf4246180bbd3b7cc74866e2d512f0f88b in 
DEBUG: JX_LOG_LEVEL=error LC_ALL=C git clean -fd .
DEBUG: ran clean --force -d . in 
DEBUG: LC_ALL=C JX_LOG_LEVEL=error git merge 27b172132b0d06ec59e112881c0a1724385bd255
DEBUG: ran git merge 27b172132b0d06ec59e112881c0a1724385bd255 in 
DEBUG: LC_ALL=C JX_LOG_LEVEL=error git log --format=%H%x1f%an%x1f%ae%x1f%cn%x1f%ce%x1f%s%n%b%x1e f5dbaedf4246180bbd3b7cc74866e2d512f0f88b..HEAD
Merged SHA 27b172132b0d06ec59e112881c0a1724385bd255 with commit message 'chore: Promote bdd-sbrp-import-1587749246 to version 0.0.1' into base branch master

Showing logs for build [32mcb-kubecd-environment-pr-209-5-pv44x-1[0m stage [32mfrom-build-pack[0m and container [32mstep-build-helm-build[0m
WARNING: No $CHART_REPOSITORY defined so using the default value of: http://jenkins-x-chartmuseum:8080
Adding missing Helm repo: storage.googleapis.com https://storage.googleapis.com/chartmuseum.jenkins-x.io
WARNING: No secrets found on "helm/repos" due: reading the secret "helm/repos" from vault: no secret "helm/repos" not found in vault
Read credentials for https://storage.googleapis.com/chartmuseum.jenkins-x.io from vault helm/repos
Successfully added Helm repository storage.googleapis.com.
Adding missing Helm repo: jenkins-x-chartmuseum http://jenkins-x-chartmuseum:8080
WARNING: No secrets found on "helm/repos" due: reading the secret "helm/repos" from vault: no secret "helm/repos" not found in vault
Read credentials for http://jenkins-x-chartmuseum:8080 from vault helm/repos
Successfully added Helm repository jenkins-x-chartmuseum.
WARNING: No $CHART_REPOSITORY defined so using the default value of: http://jenkins-x-chartmuseum:8080
Adding missing Helm repo: chartmuseum.jenkins-x.io http://chartmuseum.jenkins-x.io
WARNING: No secrets found on "helm/repos" due: reading the secret "helm/repos" from vault: no secret "helm/repos" not found in vault
Read credentials for http://chartmuseum.jenkins-x.io from vault helm/repos
Successfully added Helm repository chartmuseum.jenkins-x.io.
