
Showing logs for build [32mcb-kubecd-environment-pr-209-5-jxpm9-1[0m stage [32mfrom-build-pack[0m and container [32mstep-credential-initializer-vdjtt[0m
{"level":"info","ts":1587750078.9582107,"logger":"fallback-logger","caller":"logging/config.go:69","msg":"Fetch GitHub commit ID from kodata failed: open /var/run/ko/refs/heads/0.8.0-ns-support: no such file or directory"}
{"level":"info","ts":1587750078.9599552,"logger":"fallback-logger","caller":"creds-init/main.go:40","msg":"Credentials initialized."}

Showing logs for build [32mcb-kubecd-environment-pr-209-5-jxpm9-1[0m stage [32mfrom-build-pack[0m and container [32mstep-working-dir-initializer-7lsw7[0m
{"level":"info","ts":1587750080.2994294,"logger":"fallback-logger","caller":"logging/config.go:69","msg":"Fetch GitHub commit ID from kodata failed: open /var/run/ko/HEAD: no such file or directory"}
{"level":"info","ts":1587750080.3077466,"logger":"fallback-logger","caller":"bash/main.go:64","msg":"Successfully executed command \"sh -c mkdir -p /workspace/source\"; output "}

Showing logs for build [32mcb-kubecd-environment-pr-209-5-jxpm9-1[0m stage [32mfrom-build-pack[0m and container [32mstep-place-tools[0m

Showing logs for build [32mcb-kubecd-environment-pr-209-5-jxpm9-1[0m stage [32mfrom-build-pack[0m and container [32mstep-git-source-cb-kubecd-environment-pr-209-5-jxpm9-jsvnp[0m
{"level":"info","ts":1587750083.5012636,"logger":"fallback-logger","caller":"logging/config.go:69","msg":"Fetch GitHub commit ID from kodata failed: open /var/run/ko/refs/heads/0.8.0-ns-support: no such file or directory"}
{"level":"info","ts":1587750084.568845,"logger":"fallback-logger","caller":"git/git.go:103","msg":"Successfully cloned https://github.com/cb-kubecd/environment-pr-209-5-boot-gke-staging.git @ master in path /workspace/source"}

Showing logs for build [32mcb-kubecd-environment-pr-209-5-jxpm9-1[0m stage [32mfrom-build-pack[0m and container [32mstep-git-merge[0m
Using SHAs from PULL_REFS=master:f305bfc4af9a948aa7316006e61f79d73234782c,6:4491c17a02b2622d6a8cefef6daaa9f520e758e9
DEBUG: LC_ALL=C JX_LOG_LEVEL=error git fetch origin --unshallow 4491c17a02b2622d6a8cefef6daaa9f520e758e9: f305bfc4af9a948aa7316006e61f79d73234782c:
DEBUG: ran git fetch --unshallow origin 4491c17a02b2622d6a8cefef6daaa9f520e758e9: f305bfc4af9a948aa7316006e61f79d73234782c: in 
DEBUG: LC_ALL=C JX_LOG_LEVEL=error git branch
DEBUG: LC_ALL=C JX_LOG_LEVEL=error git checkout master
DEBUG: ran git checkout master in 
DEBUG: LC_ALL=C JX_LOG_LEVEL=error git reset --hard f305bfc4af9a948aa7316006e61f79d73234782c
DEBUG: ran git reset --hard f305bfc4af9a948aa7316006e61f79d73234782c in 
DEBUG: LC_ALL=C JX_LOG_LEVEL=error git clean -fd .
DEBUG: ran clean --force -d . in 
DEBUG: LC_ALL=C JX_LOG_LEVEL=error git merge 4491c17a02b2622d6a8cefef6daaa9f520e758e9
DEBUG: ran git merge 4491c17a02b2622d6a8cefef6daaa9f520e758e9 in 
DEBUG: LC_ALL=C JX_LOG_LEVEL=error git log --format=%H%x1f%an%x1f%ae%x1f%cn%x1f%ce%x1f%s%n%b%x1e f305bfc4af9a948aa7316006e61f79d73234782c..HEAD
Merged SHA 4491c17a02b2622d6a8cefef6daaa9f520e758e9 with commit message 'chore: Promote bdd-sbhg-import-1587749246 to version 0.0.1' into base branch master

Showing logs for build [32mcb-kubecd-environment-pr-209-5-jxpm9-1[0m stage [32mfrom-build-pack[0m and container [32mstep-build-helm-build[0m
WARNING: No $CHART_REPOSITORY defined so using the default value of: http://jenkins-x-chartmuseum:8080
Adding missing Helm repo: storage.googleapis.com https://storage.googleapis.com/chartmuseum.jenkins-x.io
WARNING: No secrets found on "helm/repos" due: reading the secret "helm/repos" from vault: no secret "helm/repos" not found in vault
Read credentials for https://storage.googleapis.com/chartmuseum.jenkins-x.io from vault helm/repos
Successfully added Helm repository storage.googleapis.com.
Adding missing Helm repo: jenkins-x-chartmuseum http://jenkins-x-chartmuseum:8080
WARNING: No secrets found on "helm/repos" due: reading the secret "helm/repos" from vault: no secret "helm/repos" not found in vault
Read credentials for http://jenkins-x-chartmuseum:8080 from vault helm/repos
Successfully added Helm repository jenkins-x-chartmuseum.
WARNING: No $CHART_REPOSITORY defined so using the default value of: http://jenkins-x-chartmuseum:8080
Adding missing Helm repo: chartmuseum.jenkins-x.io http://chartmuseum.jenkins-x.io
WARNING: No secrets found on "helm/repos" due: reading the secret "helm/repos" from vault: no secret "helm/repos" not found in vault
Read credentials for http://chartmuseum.jenkins-x.io from vault helm/repos
Successfully added Helm repository chartmuseum.jenkins-x.io.
